0 info it worked if it ends with ok
1 verbose cli [ '/Users/roxas_huang/.nvm/versions/node/v5.7.0/bin/node',
1 verbose cli   '/Users/roxas_huang/.nvm/versions/node/v5.7.0/bin/npm',
1 verbose cli   'run',
1 verbose cli   'start' ]
2 info using npm@3.6.0
3 info using node@v5.7.0
4 verbose run-script [ 'prestart', 'start', 'poststart' ]
5 info lifecycle localhost@1.0.0~prestart: localhost@1.0.0
6 silly lifecycle localhost@1.0.0~prestart: no script for prestart, continuing
7 info lifecycle localhost@1.0.0~start: localhost@1.0.0
8 verbose lifecycle localhost@1.0.0~start: unsafe-perm in lifecycle true
9 verbose lifecycle localhost@1.0.0~start: PATH: /Users/roxas_huang/.nvm/versions/node/v5.7.0/lib/node_modules/npm/bin/node-gyp-bin:/Users/roxas_huang/www/hiiir/plugin_Roulette/node_modules/.bin:/Users/roxas_huang/.nvm/versions/node/v5.7.0/bin:/usr/local/bin:/usr/bin:/bin:/usr/sbin:/sbin
10 verbose lifecycle localhost@1.0.0~start: CWD: /Users/roxas_huang/www/hiiir/plugin_Roulette
11 silly lifecycle localhost@1.0.0~start: Args: [ '-c', 'gulp watch' ]
12 silly lifecycle localhost@1.0.0~start: Returned: code: 1  signal: null
13 info lifecycle localhost@1.0.0~start: Failed to exec start script
14 verbose stack Error: localhost@1.0.0 start: `gulp watch`
14 verbose stack Exit status 1
14 verbose stack     at EventEmitter.<anonymous> (/Users/roxas_huang/.nvm/versions/node/v5.7.0/lib/node_modules/npm/lib/utils/lifecycle.js:232:16)
14 verbose stack     at emitTwo (events.js:100:13)
14 verbose stack     at EventEmitter.emit (events.js:185:7)
14 verbose stack     at ChildProcess.<anonymous> (/Users/roxas_huang/.nvm/versions/node/v5.7.0/lib/node_modules/npm/lib/utils/spawn.js:24:14)
14 verbose stack     at emitTwo (events.js:100:13)
14 verbose stack     at ChildProcess.emit (events.js:185:7)
14 verbose stack     at maybeClose (internal/child_process.js:827:16)
14 verbose stack     at Process.ChildProcess._handle.onexit (internal/child_process.js:211:5)
15 verbose pkgid localhost@1.0.0
16 verbose cwd /Users/roxas_huang/www/hiiir/plugin_Roulette
17 error Darwin 15.6.0
18 error argv "/Users/roxas_huang/.nvm/versions/node/v5.7.0/bin/node" "/Users/roxas_huang/.nvm/versions/node/v5.7.0/bin/npm" "run" "start"
19 error node v5.7.0
20 error npm  v3.6.0
21 error code ELIFECYCLE
22 error localhost@1.0.0 start: `gulp watch`
22 error Exit status 1
23 error Failed at the localhost@1.0.0 start script 'gulp watch'.
23 error Make sure you have the latest version of node.js and npm installed.
23 error If you do, this is most likely a problem with the localhost package,
23 error not with npm itself.
23 error Tell the author that this fails on your system:
23 error     gulp watch
23 error You can get information on how to open an issue for this project with:
23 error     npm bugs localhost
23 error Or if that isn't available, you can get their info via:
23 error     npm owner ls localhost
23 error There is likely additional logging output above.
24 verbose exit [ 1, true ]
